Using pre-set license
Built from '2021.3/staging' branch; Version is '2021.3.4f1 (cb45f9cae8b7) revision 13321721'; Using compiler version '192829333'; Build Type 'Release'
OS: 'Windows 11  (10.0.22621) 64bit Enterprise' Language: 'en' Physical Memory: 16304 MB
BatchMode: 1, IsHumanControllingUs: 0, StartBugReporterOnCrash: 0, Is64bit: 1, IsPro: 1

COMMAND LINE ARGUMENTS:
C:\Program Files\Unity\Hub\Editor\2021.3.4f1\Editor\Unity.exe
-adb2
-batchMode
-noUpm
-name
AssetImportWorker0
-projectPath
C:/Users/MICHETOANDREULLUISMA/GAMEJAM prova
-logFile
Logs/AssetImportWorker0.log
-srvPort
59026
Successfully changed project path to: C:/Users/MICHETOANDREULLUISMA/GAMEJAM prova
C:/Users/MICHETOANDREULLUISMA/GAMEJAM prova
[UnityMemory] Configuration Parameters - Can be set up in boot.config
    "memorysetup-bucket-allocator-granularity=16"
    "memorysetup-bucket-allocator-bucket-count=8"
    "memorysetup-bucket-allocator-block-size=33554432"
    "memorysetup-bucket-allocator-block-count=8"
    "memorysetup-main-allocator-block-size=16777216"
    "memorysetup-thread-allocator-block-size=16777216"
    "memorysetup-gfx-main-allocator-block-size=16777216"
    "memorysetup-gfx-thread-allocator-block-size=16777216"
    "memorysetup-cache-allocator-block-size=4194304"
    "memorysetup-typetree-allocator-block-size=2097152"
    "memorysetup-profiler-bucket-allocator-granularity=16"
    "memorysetup-profiler-bucket-allocator-bucket-count=8"
    "memorysetup-profiler-bucket-allocator-block-size=33554432"
    "memorysetup-profiler-bucket-allocator-block-count=8"
    "memorysetup-profiler-allocator-block-size=16777216"
    "memorysetup-profiler-editor-allocator-block-size=1048576"
    "memorysetup-temp-allocator-size-main=16777216"
    "memorysetup-job-temp-allocator-block-size=2097152"
    "memorysetup-job-temp-allocator-block-size-background=1048576"
    "memorysetup-job-temp-allocator-reduction-small-platforms=262144"
    "memorysetup-temp-allocator-size-background-worker=32768"
    "memorysetup-temp-allocator-size-job-worker=262144"
    "memorysetup-temp-allocator-size-preload-manager=33554432"
    "memorysetup-temp-allocator-size-nav-mesh-worker=65536"
    "memorysetup-temp-allocator-size-audio-worker=65536"
    "memorysetup-temp-allocator-size-cloud-worker=32768"
    "memorysetup-temp-allocator-size-gi-baking-worker=262144"
    "memorysetup-temp-allocator-size-gfx=262144"
Refreshing native plugins compatible for Editor in 129.28 ms, found 4 plugins.
Preloading 0 native plugins for Editor in 0.00 ms.
Initialize engine version: 2021.3.4f1 (cb45f9cae8b7)
[Subsystems] Discovering subsystems at path C:/Program Files/Unity/Hub/Editor/2021.3.4f1/Editor/Data/Resources/UnitySubsystems
[Subsystems] Discovering subsystems at path C:/Users/MICHETOANDREULLUISMA/GAMEJAM prova/Assets
GfxDevice: creating device client; threaded=0; jobified=0
Direct3D:
    Version:  Direct3D 11.0 [level 11.1]
    Renderer: NVIDIA GeForce RTX 2060 (ID=0x1f08)
    Vendor:   NVIDIA
    VRAM:     5968 MB
    Driver:   31.0.15.2849
Initialize mono
Mono path[0] = 'C:/Program Files/Unity/Hub/Editor/2021.3.4f1/Editor/Data/Managed'
Mono path[1] = 'C:/Program Files/Unity/Hub/Editor/2021.3.4f1/Editor/Data/MonoBleedingEdge/lib/mono/unityjit-win32'
Mono config path = 'C:/Program Files/Unity/Hub/Editor/2021.3.4f1/Editor/Data/MonoBleedingEdge/etc'
Using monoOptions --debugger-agent=transport=dt_socket,embedding=1,server=y,suspend=n,address=127.0.0.1:56568
Begin MonoManager ReloadAssembly
Registering precompiled unity dll's ...
Register platform support module: C:/Program Files/Unity/Hub/Editor/2021.3.4f1/Editor/Data/PlaybackEngines/WindowsStandaloneSupport/UnityEditor.WindowsStandalone.Extensions.dll
Registered in 0.030152 seconds.
Native extension for WindowsStandalone target not found
Refreshing native plugins compatible for Editor in 107.56 ms, found 4 plugins.
Preloading 0 native plugins for Editor in 0.00 ms.
Mono: successfully reloaded assembly
- Completed reload, in  0.901 seconds
Domain Reload Profiling:
	ReloadAssembly (901ms)
		BeginReloadAssembly (155ms)
			ExecutionOrderSort (0ms)
			DisableScriptedObjects (0ms)
			BackupInstance (0ms)
			ReleaseScriptingObjects (0ms)
			CreateAndSetChildDomain (1ms)
		EndReloadAssembly (548ms)
			LoadAssemblies (142ms)
			RebuildTransferFunctionScriptingTraits (0ms)
			SetupTypeCache (130ms)
			ReleaseScriptCaches (0ms)
			RebuildScriptCaches (42ms)
			SetupLoadedEditorAssemblies (310ms)
				LogAssemblyErrors (0ms)
				InitializePlatformSupportModulesInManaged (15ms)
				SetLoadedEditorAssemblies (0ms)
				RefreshPlugins (108ms)
				BeforeProcessingInitializeOnLoad (1ms)
				ProcessInitializeOnLoadAttributes (140ms)
				ProcessInitializeOnLoadMethodAttributes (45ms)
				AfterProcessingInitializeOnLoad (0ms)
				EditorAssembliesLoaded (0ms)
			ExecutionOrderSort2 (0ms)
			AwakeInstancesAfterBackupRestoration (0ms)
Platform modules already initialized, skipping
Registering precompiled user dll's ...
Registered in 0.022531 seconds.
Begin MonoManager ReloadAssembly
Symbol file LoadedFromMemory doesn't match image C:\Users\MICHETOANDREULLUISMA\GAMEJAM prova\Library\PackageCache\com.unity.visualscripting@1.7.8\Editor\VisualScripting.Core\Dependencies\YamlDotNet\Unity.VisualScripting.YamlDotNet.dll
Symbol file LoadedFromMemory doesn't match image C:\Users\MICHETOANDREULLUISMA\GAMEJAM prova\Library\PackageCache\com.unity.visualscripting@1.7.8\Editor\VisualScripting.Core\Dependencies\DotNetZip\Unity.VisualScripting.IonicZip.dll
Native extension for WindowsStandalone target not found
Refreshing native plugins compatible for Editor in 99.50 ms, found 4 plugins.
Preloading 0 native plugins for Editor in 0.00 ms.
Mono: successfully reloaded assembly
- Completed reload, in  1.518 seconds
Domain Reload Profiling:
	ReloadAssembly (1519ms)
		BeginReloadAssembly (218ms)
			ExecutionOrderSort (0ms)
			DisableScriptedObjects (6ms)
			BackupInstance (0ms)
			ReleaseScriptingObjects (0ms)
			CreateAndSetChildDomain (22ms)
		EndReloadAssembly (1125ms)
			LoadAssemblies (177ms)
			RebuildTransferFunctionScriptingTraits (0ms)
			SetupTypeCache (266ms)
			ReleaseScriptCaches (1ms)
			RebuildScriptCaches (58ms)
			SetupLoadedEditorAssemblies (616ms)
				LogAssemblyErrors (0ms)
				InitializePlatformSupportModulesInManaged (10ms)
				SetLoadedEditorAssemblies (0ms)
				RefreshPlugins (100ms)
				BeforeProcessingInitializeOnLoad (187ms)
				ProcessInitializeOnLoadAttributes (245ms)
				ProcessInitializeOnLoadMethodAttributes (44ms)
				AfterProcessingInitializeOnLoad (30ms)
				EditorAssembliesLoaded (0ms)
			ExecutionOrderSort2 (0ms)
			AwakeInstancesAfterBackupRestoration (7ms)
Platform modules already initialized, skipping
========================================================================
Worker process is ready to serve import requests
Launched and connected shader compiler UnityShaderCompiler.exe after 0.06 seconds
Refreshing native plugins compatible for Editor in 0.67 ms, found 4 plugins.
Preloading 0 native plugins for Editor in 0.00 ms.
Unloading 4056 Unused Serialized files (Serialized files now loaded: 0)
Unloading 44 unused Assets / (222.9 KB). Loaded Objects now: 4505.
Memory consumption went from 150.9 MB to 150.6 MB.
Total: 4.015800 ms (FindLiveObjects: 0.295400 ms CreateObjectMapping: 0.201000 ms MarkObjects: 3.383800 ms  DeleteObjects: 0.134400 ms)

AssetImportParameters requested are different than current active one (requested -> active):
  custom:video-decoder-ogg-theora: a1e56fd34408186e4bbccfd4996cb3dc -> 
  custom:container-muxer-webm: aa71ff27fc2769a1b78a27578f13a17b -> 
  custom:container-demuxer-webm: 4f35f7cbe854078d1ac9338744f61a02 -> 
  custom:video-encoder-webm-vp8: eb34c28f22e8b96e1ab97ce403110664 -> 
  custom:audio-encoder-webm-vorbis: bf7c407c2cedff20999df2af8eb42d56 -> 
  custom:framework-win-MediaFoundation: 216162199b28c13a410421893ffa2e32 -> 
  custom:container-demuxer-ogg: 62fdf1f143b41e24485cea50d1cbac27 -> 
  custom:video-decoder-webm-vp8: 9c59270c3fd7afecdb556c50c9e8de78 -> 
  custom:audio-decoder-ogg-vorbis: bf7c407c2cedff20999df2af8eb42d56 -> 
========================================================================
Received Import Request.
  Time since last request: 325482.289102 seconds.
  path: Assets/Parallax Free KIT
  artifactKey: Guid(453b4ce6fd6e0f04a8a6e51d3edcf8d1) Importer(815301076,1909f56bfc062723c751e8b465ee728b)
Start importing Assets/Parallax Free KIT using Guid(453b4ce6fd6e0f04a8a6e51d3edcf8d1) Importer(815301076,1909f56bfc062723c751e8b465ee728b)  -> (artifact id: 'b22526f92d1f8178ed42139f6fd3f588') in 0.011722 seconds 
========================================================================
Received Import Request.
  Time since last request: 4.599697 seconds.
  path: Assets/Pixel Tiles pack/Grass
  artifactKey: Guid(fe1e168b8ae8aca499aa776438e04fb2) Importer(815301076,1909f56bfc062723c751e8b465ee728b)
Start importing Assets/Pixel Tiles pack/Grass using Guid(fe1e168b8ae8aca499aa776438e04fb2) Importer(815301076,1909f56bfc062723c751e8b465ee728b)  -> (artifact id: 'cf2d259511724ea8006a54f304d47db8') in 0.007043 seconds 
========================================================================
Received Import Request.
  Time since last request: 0.055254 seconds.
  path: Assets/Pixel Tiles pack/Grass/Grass.png
  artifactKey: Guid(2be0798d001603e4cb00f3803b741a6b) Importer(815301076,1909f56bfc062723c751e8b465ee728b)
Start importing Assets/Pixel Tiles pack/Grass/Grass.png using Guid(2be0798d001603e4cb00f3803b741a6b) Importer(815301076,1909f56bfc062723c751e8b465ee728b)  -> (artifact id: '65db23dd43c567ec344d6da374b337e0') in 0.155212 seconds 
========================================================================
Received Import Request.
  Time since last request: 3.855421 seconds.
  path: Assets/Pixel Tiles pack/Trees
  artifactKey: Guid(b789d2e7a5f8dda4c92d7597cffd8a81) Importer(815301076,1909f56bfc062723c751e8b465ee728b)
Start importing Assets/Pixel Tiles pack/Trees using Guid(b789d2e7a5f8dda4c92d7597cffd8a81) Importer(815301076,1909f56bfc062723c751e8b465ee728b)  -> (artifact id: 'e370f2d0ecfbca04087d99fd20ab41a0') in 0.007333 seconds 
========================================================================
Received Import Request.
  Time since last request: 0.042236 seconds.
  path: Assets/Pixel Tiles pack/Trees/PixelTree1.png
  artifactKey: Guid(7b7239fb5625c1a4baab50c3fbc7d588) Importer(815301076,1909f56bfc062723c751e8b465ee728b)
Start importing Assets/Pixel Tiles pack/Trees/PixelTree1.png using Guid(7b7239fb5625c1a4baab50c3fbc7d588) Importer(815301076,1909f56bfc062723c751e8b465ee728b)  -> (artifact id: '8ce818d9098331db023691eeb15decb9') in 0.034993 seconds 
========================================================================
Received Import Request.
  Time since last request: 0.000029 seconds.
  path: Assets/Pixel Tiles pack/Trees/PixelTree3.png
  artifactKey: Guid(162c38e0f8fa15149a8a640fd7733db0) Importer(815301076,1909f56bfc062723c751e8b465ee728b)
Start importing Assets/Pixel Tiles pack/Trees/PixelTree3.png using Guid(162c38e0f8fa15149a8a640fd7733db0) Importer(815301076,1909f56bfc062723c751e8b465ee728b)  -> (artifact id: 'b65a2dcfd72d6860c9bd11f3e529704b') in 0.029890 seconds 
========================================================================
Received Import Request.
  Time since last request: 0.000070 seconds.
  path: Assets/Pixel Tiles pack/Trees/PixelTree6.png
  artifactKey: Guid(2279d2aae995bb840af87e48f032392c) Importer(815301076,1909f56bfc062723c751e8b465ee728b)
Start importing Assets/Pixel Tiles pack/Trees/PixelTree6.png using Guid(2279d2aae995bb840af87e48f032392c) Importer(815301076,1909f56bfc062723c751e8b465ee728b)  -> (artifact id: '1c8634b51e9287472a96f401f3ef6de9') in 0.029510 seconds 
========================================================================
Received Prepare
Registering precompiled user dll's ...
Registered in 0.027711 seconds.
Begin MonoManager ReloadAssembly
Symbol file LoadedFromMemory doesn't match image C:\Users\MICHETOANDREULLUISMA\GAMEJAM prova\Library\PackageCache\com.unity.visualscripting@1.7.8\Editor\VisualScripting.Core\Dependencies\YamlDotNet\Unity.VisualScripting.YamlDotNet.dll
Symbol file LoadedFromMemory doesn't match image C:\Users\MICHETOANDREULLUISMA\GAMEJAM prova\Library\PackageCache\com.unity.visualscripting@1.7.8\Editor\VisualScripting.Core\Dependencies\DotNetZip\Unity.VisualScripting.IonicZip.dll
Native extension for WindowsStandalone target not found
Refreshing native plugins compatible for Editor in 0.88 ms, found 4 plugins.
Preloading 0 native plugins for Editor in 0.00 ms.
Mono: successfully reloaded assembly
- Completed reload, in  1.690 seconds
Domain Reload Profiling:
	ReloadAssembly (1691ms)
		BeginReloadAssembly (274ms)
			ExecutionOrderSort (0ms)
			DisableScriptedObjects (7ms)
			BackupInstance (0ms)
			ReleaseScriptingObjects (0ms)
			CreateAndSetChildDomain (47ms)
		EndReloadAssembly (1200ms)
			LoadAssemblies (253ms)
			RebuildTransferFunctionScriptingTraits (0ms)
			SetupTypeCache (320ms)
			ReleaseScriptCaches (1ms)
			RebuildScriptCaches (55ms)
			SetupLoadedEditorAssemblies (567ms)
				LogAssemblyErrors (0ms)
				InitializePlatformSupportModulesInManaged (24ms)
				SetLoadedEditorAssemblies (1ms)
				RefreshPlugins (1ms)
				BeforeProcessingInitializeOnLoad (178ms)
				ProcessInitializeOnLoadAttributes (277ms)
				ProcessInitializeOnLoadMethodAttributes (44ms)
				AfterProcessingInitializeOnLoad (42ms)
				EditorAssembliesLoaded (0ms)
			ExecutionOrderSort2 (0ms)
			AwakeInstancesAfterBackupRestoration (13ms)
Platform modules already initialized, skipping
Refreshing native plugins compatible for Editor in 5.74 ms, found 4 plugins.
Preloading 0 native plugins for Editor in 0.00 ms.
Unloading 4051 Unused Serialized files (Serialized files now loaded: 0)
Unloading 31 unused Assets / (190.3 KB). Loaded Objects now: 4518.
Memory consumption went from 155.2 MB to 155.0 MB.
Total: 3.597200 ms (FindLiveObjects: 0.319600 ms CreateObjectMapping: 0.225600 ms MarkObjects: 2.850000 ms  DeleteObjects: 0.200400 ms)

AssetImportParameters requested are different than current active one (requested -> active):
  custom:video-decoder-ogg-theora: a1e56fd34408186e4bbccfd4996cb3dc -> 
  custom:container-muxer-webm: aa71ff27fc2769a1b78a27578f13a17b -> 
  custom:container-demuxer-webm: 4f35f7cbe854078d1ac9338744f61a02 -> 
  custom:video-encoder-webm-vp8: eb34c28f22e8b96e1ab97ce403110664 -> 
  custom:audio-encoder-webm-vorbis: bf7c407c2cedff20999df2af8eb42d56 -> 
  custom:framework-win-MediaFoundation: 216162199b28c13a410421893ffa2e32 -> 
  custom:container-demuxer-ogg: 62fdf1f143b41e24485cea50d1cbac27 -> 
  custom:video-decoder-webm-vp8: 9c59270c3fd7afecdb556c50c9e8de78 -> 
  custom:audio-decoder-ogg-vorbis: bf7c407c2cedff20999df2af8eb42d56 -> 
========================================================================
Received Import Request.
  Time since last request: 313.095433 seconds.
  path: Assets/Pixel Tiles pack/Objects/Cave_Pillar_Small.png
  artifactKey: Guid(2c8f29343265147499f6e95d7e7b6221) Importer(815301076,1909f56bfc062723c751e8b465ee728b)
Start importing Assets/Pixel Tiles pack/Objects/Cave_Pillar_Small.png using Guid(2c8f29343265147499f6e95d7e7b6221) Importer(815301076,1909f56bfc062723c751e8b465ee728b)  -> (artifact id: 'c34df9411ee4212c0344ed92d44ba3d9') in 0.079366 seconds 
========================================================================
Received Import Request.
  Time since last request: 0.000033 seconds.
  path: Assets/Pixel Tiles pack/Objects/Green_Old_Block.png
  artifactKey: Guid(660528e601b7ebb4d89676db177dba02) Importer(815301076,1909f56bfc062723c751e8b465ee728b)
Start importing Assets/Pixel Tiles pack/Objects/Green_Old_Block.png using Guid(660528e601b7ebb4d89676db177dba02) Importer(815301076,1909f56bfc062723c751e8b465ee728b)  -> (artifact id: 'f0e47cba4a4c5fe151ee4c94fce4d435') in 0.025509 seconds 
========================================================================
Received Import Request.
  Time since last request: 0.000025 seconds.
  path: Assets/Pixel Tiles pack/Objects/Rock_3.png
  artifactKey: Guid(80d6f61def5d92d4684d0dbb4ffddfa4) Importer(815301076,1909f56bfc062723c751e8b465ee728b)
Start importing Assets/Pixel Tiles pack/Objects/Rock_3.png using Guid(80d6f61def5d92d4684d0dbb4ffddfa4) Importer(815301076,1909f56bfc062723c751e8b465ee728b)  -> (artifact id: '33b1d4fa4f627d7eeb33727bd7f0e897') in 0.020875 seconds 
========================================================================
Received Import Request.
  Time since last request: 0.000022 seconds.
  path: Assets/Pixel Tiles pack/Objects/Rock_2.png
  artifactKey: Guid(c989b00b2e5456742b38c20deb221c39) Importer(815301076,1909f56bfc062723c751e8b465ee728b)
Start importing Assets/Pixel Tiles pack/Objects/Rock_2.png using Guid(c989b00b2e5456742b38c20deb221c39) Importer(815301076,1909f56bfc062723c751e8b465ee728b)  -> (artifact id: '8e973630a0da254120f9c5a3fb5dd6b8') in 0.029172 seconds 
========================================================================
Received Import Request.
  Time since last request: 5.673707 seconds.
  path: Assets/Pixel Tiles pack/Blocks/Dirt_Purple_Bottom.png
  artifactKey: Guid(0e47992a5e45af346ad36488973c9598) Importer(815301076,1909f56bfc062723c751e8b465ee728b)
Start importing Assets/Pixel Tiles pack/Blocks/Dirt_Purple_Bottom.png using Guid(0e47992a5e45af346ad36488973c9598) Importer(815301076,1909f56bfc062723c751e8b465ee728b)  -> (artifact id: 'b0caf144ab17b824ea26f0a3ea026f90') in 0.034797 seconds 
========================================================================
Received Import Request.
  Time since last request: 0.000020 seconds.
  path: Assets/Pixel Tiles pack/Blocks/Grass_Block_Top.png
  artifactKey: Guid(10ec279fead294d4cb62dacfffbed994) Importer(815301076,1909f56bfc062723c751e8b465ee728b)
Start importing Assets/Pixel Tiles pack/Blocks/Grass_Block_Top.png using Guid(10ec279fead294d4cb62dacfffbed994) Importer(815301076,1909f56bfc062723c751e8b465ee728b)  -> (artifact id: 'fc301e5b75989fecd6db27191251dc71') in 0.026706 seconds 
========================================================================
Received Import Request.
  Time since last request: 0.000020 seconds.
  path: Assets/Pixel Tiles pack/Blocks/Grass_Block_Side.png
  artifactKey: Guid(3f73dc569ea74a84983f8aabb89e6a92) Importer(815301076,1909f56bfc062723c751e8b465ee728b)
Start importing Assets/Pixel Tiles pack/Blocks/Grass_Block_Side.png using Guid(3f73dc569ea74a84983f8aabb89e6a92) Importer(815301076,1909f56bfc062723c751e8b465ee728b)  -> (artifact id: '0152116f6ab4e8042715adb12084e636') in 0.026054 seconds 
========================================================================
Received Import Request.
  Time since last request: 0.000020 seconds.
  path: Assets/Pixel Tiles pack/Blocks/Grass_Block_Bottom.png
  artifactKey: Guid(d2d4a3c292eee7845bad016f0388bd42) Importer(815301076,1909f56bfc062723c751e8b465ee728b)
Start importing Assets/Pixel Tiles pack/Blocks/Grass_Block_Bottom.png using Guid(d2d4a3c292eee7845bad016f0388bd42) Importer(815301076,1909f56bfc062723c751e8b465ee728b)  -> (artifact id: '6889271c89bb287fa1c5631d30ab23c0') in 0.024948 seconds 
========================================================================
Received Import Request.
  Time since last request: 0.000022 seconds.
  path: Assets/Pixel Tiles pack/Blocks/Galaxy_Block_2.png
  artifactKey: Guid(4e9fd9c1527a2914b9e73ca2dbe4b1d4) Importer(815301076,1909f56bfc062723c751e8b465ee728b)
Start importing Assets/Pixel Tiles pack/Blocks/Galaxy_Block_2.png using Guid(4e9fd9c1527a2914b9e73ca2dbe4b1d4) Importer(815301076,1909f56bfc062723c751e8b465ee728b)  -> (artifact id: '28a642c2c02df5c06ed37fc42a491ef0') in 0.025644 seconds 
========================================================================
Received Import Request.
  Time since last request: 0.000022 seconds.
  path: Assets/Pixel Tiles pack/Blocks/Galaxy_Block_3.png
  artifactKey: Guid(26fc9e7730073054397b3c39c6b33f63) Importer(815301076,1909f56bfc062723c751e8b465ee728b)
Start importing Assets/Pixel Tiles pack/Blocks/Galaxy_Block_3.png using Guid(26fc9e7730073054397b3c39c6b33f63) Importer(815301076,1909f56bfc062723c751e8b465ee728b)  -> (artifact id: '0201d1fb08672d8d67980c197c086c11') in 0.078676 seconds 
========================================================================
Received Prepare
Registering precompiled user dll's ...
Registered in 0.020497 seconds.
Begin MonoManager ReloadAssembly
Symbol file LoadedFromMemory doesn't match image C:\Users\MICHETOANDREULLUISMA\GAMEJAM prova\Library\PackageCache\com.unity.visualscripting@1.7.8\Editor\VisualScripting.Core\Dependencies\YamlDotNet\Unity.VisualScripting.YamlDotNet.dll
Symbol file LoadedFromMemory doesn't match image C:\Users\MICHETOANDREULLUISMA\GAMEJAM prova\Library\PackageCache\com.unity.visualscripting@1.7.8\Editor\VisualScripting.Core\Dependencies\DotNetZip\Unity.VisualScripting.IonicZip.dll
Native extension for WindowsStandalone target not found
Refreshing native plugins compatible for Editor in 1.20 ms, found 4 plugins.
Preloading 0 native plugins for Editor in 0.00 ms.
Mono: successfully reloaded assembly
- Completed reload, in  1.552 seconds
Domain Reload Profiling:
	ReloadAssembly (1553ms)
		BeginReloadAssembly (258ms)
			ExecutionOrderSort (0ms)
			DisableScriptedObjects (8ms)
			BackupInstance (0ms)
			ReleaseScriptingObjects (0ms)
			CreateAndSetChildDomain (45ms)
		EndReloadAssembly (1105ms)
			LoadAssemblies (228ms)
			RebuildTransferFunctionScriptingTraits (0ms)
			SetupTypeCache (314ms)
			ReleaseScriptCaches (2ms)
			RebuildScriptCaches (58ms)
			SetupLoadedEditorAssemblies (504ms)
				LogAssemblyErrors (0ms)
				InitializePlatformSupportModulesInManaged (21ms)
				SetLoadedEditorAssemblies (1ms)
				RefreshPlugins (1ms)
				BeforeProcessingInitializeOnLoad (176ms)
				ProcessInitializeOnLoadAttributes (217ms)
				ProcessInitializeOnLoadMethodAttributes (49ms)
				AfterProcessingInitializeOnLoad (39ms)
				EditorAssembliesLoaded (0ms)
			ExecutionOrderSort2 (0ms)
			AwakeInstancesAfterBackupRestoration (10ms)
Platform modules already initialized, skipping
Refreshing native plugins compatible for Editor in 4.47 ms, found 4 plugins.
Preloading 0 native plugins for Editor in 0.00 ms.
Unloading 4051 Unused Serialized files (Serialized files now loaded: 0)
Unloading 31 unused Assets / (190.3 KB). Loaded Objects now: 4527.
Memory consumption went from 155.2 MB to 155.0 MB.
Total: 3.082700 ms (FindLiveObjects: 0.270500 ms CreateObjectMapping: 0.181000 ms MarkObjects: 2.500300 ms  DeleteObjects: 0.129900 ms)

AssetImportParameters requested are different than current active one (requested -> active):
  custom:video-decoder-ogg-theora: a1e56fd34408186e4bbccfd4996cb3dc -> 
  custom:container-muxer-webm: aa71ff27fc2769a1b78a27578f13a17b -> 
  custom:container-demuxer-webm: 4f35f7cbe854078d1ac9338744f61a02 -> 
  custom:video-encoder-webm-vp8: eb34c28f22e8b96e1ab97ce403110664 -> 
  custom:audio-encoder-webm-vorbis: bf7c407c2cedff20999df2af8eb42d56 -> 
  custom:framework-win-MediaFoundation: 216162199b28c13a410421893ffa2e32 -> 
  custom:container-demuxer-ogg: 62fdf1f143b41e24485cea50d1cbac27 -> 
  custom:video-decoder-webm-vp8: 9c59270c3fd7afecdb556c50c9e8de78 -> 
  custom:audio-decoder-ogg-vorbis: bf7c407c2cedff20999df2af8eb42d56 -> 
Editor requested this worker to shutdown with reason: Scaling down because of idle timeout
AssetImportWorker is now disconnected from the server
Process exiting
Exiting without the bug reporter. Application will terminate with return code 0